<?xml version="1.0" encoding="UTF-8"?>
<testsuite name="uk.co.ijump.fizzbuzz.FizzBuzzTest" tests="8" skipped="0" failures="0" errors="0" timestamp="2016-06-18T17:52:31" hostname="Brians-MacBook-Air.local" time="0.004">
  <properties/>
  <testcase name="FifteenTest" classname="uk.co.ijump.fizzbuzz.FizzBuzzTest" time="0.001"/>
  <testcase name="SixTest" classname="uk.co.ijump.fizzbuzz.FizzBuzzTest" time="0.0"/>
  <testcase name="FiveTest" classname="uk.co.ijump.fizzbuzz.FizzBuzzTest" time="0.0"/>
  <testcase name="TenTest" classname="uk.co.ijump.fizzbuzz.FizzBuzzTest" time="0.001"/>
  <testcase name="OneTest" classname="uk.co.ijump.fizzbuzz.FizzBuzzTest" time="0.0"/>
  <testcase name="NineTest" classname="uk.co.ijump.fizzbuzz.FizzBuzzTest" time="0.0"/>
  <testcase name="ThreeTest" classname="uk.co.ijump.fizzbuzz.FizzBuzzTest" time="0.0"/>
  <testcase name="TwoTest" classname="uk.co.ijump.fizzbuzz.FizzBuzzTest" time="0.0"/>
  <system-out><![CDATA[]]></system-out>
  <system-err><![CDATA[]]></system-err>
</testsuite>
